2016-08-26 08:12:27,431.431.348085403:cci-bimini-client:-1219275008:INFO:23097:biminiApp...
2016-08-26 08:13:23,509.509.793996811:cci-bimini-client:-1292653760:INFO:23097:,,,on_connect...
2016-08-26 08:15:06,236.236.588954926:cci-bimini-client:-1219397888:INFO:23285:biminiApp...
2016-08-26 08:15:32,708.708.369970322:cci-bimini-client:-1219676416:INFO:23463:biminiApp...
2016-08-26 08:27:12,326.326.47395134:cci-bimini-client:-1219791104:INFO:24618:biminiApp...
2016-08-26 08:27:55,346.346.386909485:cci-bimini-client:-1219102976:INFO:24680:biminiApp...
2016-08-26 08:30:45,054.54.6979904175:cci-bimini-client:-1219746048:INFO:24825:biminiApp...
2016-08-26 08:31:48,512.512.804031372:cci-bimini-client:-1219102976:INFO:24893:biminiApp...
2016-08-26 08:33:19,064.64.8128986359:cci-bimini-client:-1219254528:INFO:24977:biminiApp...
2016-08-26 08:35:54,326.326.91693306:cci-bimini-client:-1219909888:INFO:25351:biminiApp...
2016-08-26 08:36:11,133.133.972883224:cci-bimini-client:-1219545344:INFO:25525:biminiApp...
2016-08-26 08:36:38,742.742.139101028:cci-bimini-client:-1219856640:INFO:25692:biminiApp...
2016-08-26 08:37:21,217.217.358112335:cci-bimini-client:-1219725568:INFO:25871:biminiApp...
2016-08-26 08:37:41,358.358.628988266:cci-bimini-client:-1219737856:INFO:25916:biminiApp...
2016-08-26 08:38:47,674.674.135923386:cci-bimini-client:-1293280448:INFO:25916:,,,on_connect...
2016-08-26 08:38:55,792.792.984008789:cci-bimini-client:-1322190016:INFO:25916:,,,on_connect...
2016-08-26 08:39:26,148.148.711919785:cci-bimini-client:-1322190016:INFO:25916:,,,on_connect...
2016-08-26 08:39:31,803.803.812980652:cci-bimini-client:-1322190016:INFO:25916:,,,on_connect...
2016-08-26 08:55:07,376.376.641988754:cci-bimini-client:-1219991808:INFO:26630:biminiApp...
2016-08-26 08:56:44,502.502.485990524:cci-bimini-client:-1219373312:INFO:26690:biminiApp...
2016-08-26 08:57:15,728.728.285074234:cci-bimini-client:-1219373312:INFO:26719:biminiApp...
2016-08-26 09:00:04,832.832.590103149:cci-bimini-client:-1219184896:INFO:26862:biminiApp...
2016-08-26 09:01:27,457.457.077026367:cci-bimini-client:-1219660032:INFO:26939:biminiApp...
2016-08-26 09:02:42,756.756.83093071:cci-bimini-client:-1219692800:INFO:27011:biminiApp...
2016-08-26 09:03:18,195.195.563077927:cci-bimini-client:-1219746048:INFO:27063:biminiApp...
2016-08-26 09:04:53,619.619.761943817:cci-bimini-client:-1219557632:INFO:27172:biminiApp...
2016-08-26 09:05:10,955.955.723047256:cci-bimini-client:-1219111168:INFO:27191:biminiApp...
2016-08-26 09:06:17,672.672.033071518:cci-bimini-client:-1219713280:INFO:27254:biminiApp...
2016-08-26 09:08:50,846.846.22502327:cci-bimini-client:-1219979520:INFO:27360:biminiApp...
2016-08-26 09:09:28,196.196.609020233:cci-bimini-client:-1219320064:INFO:27458:biminiApp...
2016-08-26 09:09:54,158.158.859014511:cci-bimini-client:-1219139840:INFO:27506:biminiApp...
2016-08-26 09:10:55,059.59.385061264:cci-bimini-client:-1219938560:INFO:27571:biminiApp...
2016-08-26 09:11:43,661.661.446094513:cci-bimini-client:-1219938560:INFO:27631:biminiApp...
2016-08-26 09:12:44,189.189.059019089:cci-bimini-client:-1219389696:INFO:27710:biminiApp...
2016-08-26 09:13:02,760.760.021924973:cci-bimini-client:-1219082496:INFO:27773:biminiApp...
2016-08-26 09:13:47,211.211.124897003:cci-bimini-client:-1219381504:INFO:27830:biminiApp...
2016-08-26 09:14:02,336.336.100101471:cci-bimini-client:-1219049728:INFO:27874:biminiApp...
2016-08-26 09:14:54,320.320.729970932:cci-bimini-client:-1219623168:INFO:27963:biminiApp...
2016-08-26 09:15:51,391.391.413927078:cci-bimini-client:-1219754240:INFO:28044:biminiApp...
2016-08-26 09:16:39,743.743.448972702:cci-bimini-client:-1219799296:INFO:28108:biminiApp...
2016-08-26 09:17:09,716.716.209888458:cci-bimini-client:-1219074304:INFO:28164:biminiApp...
2016-08-26 09:17:28,391.391.876935959:cci-bimini-client:-1219516672:INFO:28213:biminiApp...
2016-08-26 09:17:39,257.257.489919662:cci-bimini-client:-1219705088:INFO:28255:biminiApp...
2016-08-26 09:17:56,104.104.263067245:cci-bimini-client:-1219246336:INFO:28299:biminiApp...
2016-08-26 09:18:28,166.166.718959808:cci-bimini-client:-1219557632:INFO:28348:biminiApp...
2016-08-26 09:18:45,657.657.242059708:cci-bimini-client:-1219905792:INFO:28393:biminiApp...
2016-08-26 09:21:01,027.27.7891159058:cci-bimini-client:-1219139840:INFO:28554:biminiApp...
2016-08-26 09:21:35,844.844.294071198:cci-bimini-client:-1219893504:INFO:28608:biminiApp...
2016-08-26 09:22:50,705.705.743074417:cci-bimini-client:-1219016960:INFO:28683:biminiApp...
2016-08-26 09:23:13,288.288.249969482:cci-bimini-client:-1220020480:INFO:28731:biminiApp...
2016-08-26 09:23:27,649.649.744987488:cci-bimini-client:-1219860736:INFO:28773:biminiApp...
2016-08-26 09:30:33,562.562.921047211:cci-bimini-client:-1219606784:INFO:30270:biminiApp...
2016-08-26 09:39:36,643.643.611907959:cci-bimini-client:-1219750144:INFO:31227:biminiApp...
2016-08-26 09:39:45,253.253.572940826:cci-bimini-client:-1293538496:INFO:31227:,,,on_connect...
2016-08-26 09:50:01,164.164.371967316:cci-bimini-client:-1219545344:INFO:31873:biminiApp...
2016-08-26 09:50:06,762.762.64500618:cci-bimini-client:-1293292736:INFO:31873:,,,on_connect...
2016-08-26 09:50:11,795.795.376062393:cci-bimini-client:-1293292736:ERROR:31873:<urlopen error timed out>
2016-08-26 09:51:07,835.835.925102234:cci-bimini-client:-1219086592:INFO:31973:biminiApp...
2016-08-26 09:51:11,147.147.543907166:cci-bimini-client:-1292838080:INFO:31973:,,,on_connect...
2016-08-26 09:51:16,189.189.265012741:cci-bimini-client:-1292838080:ERROR:31973:<urlopen error timed out>
2016-08-26 09:54:10,972.972.763061523:cci-bimini-client:-1219938560:INFO:32098:biminiApp...
2016-08-26 09:54:15,945.945.338010788:cci-bimini-client:-1293690048:INFO:32098:,,,on_connect...
2016-08-26 09:54:20,977.977.282047272:cci-bimini-client:-1293690048:ERROR:32098:<urlopen error timed out>
2016-08-26 09:54:37,122.122.675895691:cci-bimini-client:-1293690048:INFO:32098:,,,on_connect...
2016-08-26 09:54:42,129.129.271030426:cci-bimini-client:-1293690048:ERROR:32098:<urlopen error timed out>
2016-08-26 09:54:46,637.637.017965317:cci-bimini-client:-1293690048:INFO:32098:,,,on_connect...
2016-08-26 09:54:49,641.641.346931458:cci-bimini-client:-1293690048:ERROR:32098:<urlopen error [Errno 113] No route to host>
2016-08-26 09:59:43,083.83.4209918976:cci-bimini-client:-1293690048:INFO:32098:,,,on_connect...
2016-08-26 10:01:56,085.85.2799415588:cci-bimini-client:-1219000576:INFO:32485:biminiApp...
2016-08-26 10:02:00,311.311.564922333:cci-bimini-client:-1292752064:INFO:32485:,,,on_connect...
2016-08-26 10:02:05,349.349.250078201:cci-bimini-client:-1292752064:ERROR:32485:<urlopen error timed out>
2016-08-26 10:23:31,683.683.955907822:cci-bimini-client:-1219623168:INFO:2028:biminiApp...
2016-08-26 10:23:37,281.281.994104385:cci-bimini-client:-1293358272:INFO:2028:,,,on_connect...
2016-08-26 10:23:42,321.321.295976639:cci-bimini-client:-1293358272:ERROR:2028:<urlopen error timed out>
2016-08-26 10:24:23,665.665.642976761:cci-bimini-client:-1313866944:INFO:2028:,,,on_connect...
2016-08-26 10:26:48,137.137.763977051:cci-bimini-client:-1313866944:INFO:2028:,,,on_connect...
2016-08-26 10:28:11,806.806.572914124:cci-bimini-client:-1219873024:INFO:2344:biminiApp...
2016-08-26 10:29:22,014.14.594078064:cci-bimini-client:-1219594496:INFO:2417:biminiApp...
2016-08-26 10:29:56,610.610.804080963:cci-bimini-client:-1219737856:INFO:2467:biminiApp...
2016-08-26 10:40:02,036.36.4739894867:cci-bimini-client:-1219721472:INFO:2848:biminiApp...
2016-08-26 10:40:34,877.877.93803215:cci-bimini-client:-1219594496:INFO:2901:biminiApp...
2016-08-26 10:40:58,188.188.051939011:cci-bimini-client:-1219283200:INFO:2946:biminiApp...
2016-08-26 10:41:54,749.749.269962311:cci-bimini-client:-1293132992:INFO:2946:,,,on_connect...
2016-08-26 10:41:59,786.786.384105682:cci-bimini-client:-1293132992:ERROR:2946:<urlopen error timed out>
2016-08-26 10:43:21,360.360.934972763:cci-bimini-client:-1219635456:INFO:3082:biminiApp...
2016-08-26 10:43:27,145.145.903110504:cci-bimini-client:-1293501632:INFO:3082:,,,on_connect...
2016-08-26 10:43:32,186.186.117887497:cci-bimini-client:-1293501632:ERROR:3082:<urlopen error timed out>
2016-08-26 10:57:15,274.274.473905563:cci-bimini-client:-1219954944:INFO:5385:biminiApp...
2016-08-26 10:57:22,147.147.562980652:cci-bimini-client:-1293739200:INFO:5385:,,,on_connect...
2016-08-26 14:39:50,993.993.33190918:cci-bimini-client:-1219574016:INFO:24308:biminiApp...
2016-08-26 14:39:59,091.91.1779403687:cci-bimini-client:-1293358272:INFO:24308:,,,on_connect...
2016-08-26 14:40:02,129.129.412889481:cci-bimini-client:-1293358272:ERROR:24308:<urlopen error [Errno 113] No route to host>
2016-08-26 14:40:54,985.985.220909119:cci-bimini-client:-1313866944:INFO:24308:,,,on_connect...
2016-08-26 19:46:50,253.253.784894943:cci-bimini-client:-1219098880:INFO:8577:biminiApp...
2016-08-26 19:46:59,201.201.260089874:cci-bimini-client:-1292833984:INFO:8577:,,,on_connect...
2016-08-26 19:46:59,261.261.71708107:cci-bimini-client:-1292833984:ERROR:8577:<urlopen error [Errno 101] Network is unreachable>
2016-08-26 19:47:03,261.261.318922043:cci-bimini-client:-1312818368:INFO:8577:,,,on_connect...
2016-08-26 19:47:03,271.271.209001541:cci-bimini-client:-1312818368:ERROR:8577:<urlopen error [Errno 101] Network is unreachable>
2016-08-26 19:48:45,394.394.289970398:cci-bimini-client:-1312818368:INFO:8577:,,,on_connect...
2016-08-26 19:49:05,661.661.211967468:cci-bimini-client:-1312818368:INFO:8577:,,,on_connect...
2016-08-26 19:49:18,430.430.459022522:cci-bimini-client:-1312818368:INFO:8577:,,,on_connect...
2016-08-26 19:50:02,633.633.43501091:cci-bimini-client:-1312818368:INFO:8577:,,,on_connect...
2016-08-26 19:50:45,117.117.443084717:cci-bimini-client:-1312818368:INFO:8577:,,,on_connect...
2016-08-26 19:51:16,166.166.995048523:cci-bimini-client:-1312818368:INFO:8577:,,,on_connect...
2016-08-26 19:51:21,197.197.266101837:cci-bimini-client:-1312818368:ERROR:8577:<urlopen error timed out>
2016-08-26 19:51:25,238.238.075971603:cci-bimini-client:-1312818368:INFO:8577:,,,on_connect...
2016-08-26 19:52:14,260.260.087966919:cci-bimini-client:-1219098880:INFO:8577:...event x: 241 , event y: 363 ....
2016-08-26 19:52:14,260.260.348081589:cci-bimini-client:-1219098880:INFO:8577:http://192.168.0.157:7080/bimini/click?y=436&x=241
2016-08-26 19:52:19,301.301.548957825:cci-bimini-client:-1219098880:ERROR:8577:send_click 
2016-08-26 19:52:22,447.447.454929352:cci-bimini-client:-1312818368:INFO:8577:,,,on_connect...
2016-08-26 20:01:39,064.64.0978813171:cci-bimini-client:-1219258624:INFO:5277:biminiApp...
2016-08-26 20:01:47,576.576.627016068:cci-bimini-client:-1292993728:INFO:5277:,,,on_connect...
2016-08-26 20:02:03,464.464.714050293:cci-bimini-client:-1319568576:INFO:5277:,,,on_connect...
2016-08-26 20:28:37,281.281.568050385:cci-bimini-client:-1218980096:INFO:6454:biminiApp...
2016-08-26 20:29:38,386.386.674880981:cci-bimini-client:-1219012864:INFO:6646:biminiApp...
2016-08-26 20:29:46,128.128.015041351:cci-bimini-client:-1335592128:INFO:6646:,,,on_connect...
2016-08-26 20:30:08,234.234.266042709:cci-bimini-client:-1358447808:INFO:6646:,,,on_connect...
2016-08-26 20:31:56,527.527.609109879:cci-bimini-client:-1219664128:INFO:6870:biminiApp...
2016-08-26 20:31:59,973.973.671913147:cci-bimini-client:-1293399232:INFO:6870:,,,on_connect...
2016-08-26 20:32:07,793.793.553113937:cci-bimini-client:-1322190016:INFO:6870:,,,on_connect...
2016-08-31 23:20:14,840.840.83199501:cci-bimini-client:-1219213568:INFO:16959:biminiApp...
2016-09-01 21:01:03,908.908.312082291:cci-bimini-client:-1219201280:INFO:15250:biminiApp...
2016-09-02 10:23:56,253.253.597021103:cci-bimini-client:-1220020480:INFO:5704:biminiApp...
2016-09-02 10:25:03,519.519.632101059:cci-bimini-client:-1294058688:INFO:5704:,,,on_connect...
2016-09-02 10:25:06,584.584.659099579:cci-bimini-client:-1294058688:ERROR:5704:<urlopen error [Errno 113] No route to host>
2016-09-02 10:25:09,681.681.062936783:cci-bimini-client:-1314915520:INFO:5704:,,,on_connect...
2016-09-02 10:25:12,584.584.583044052:cci-bimini-client:-1314915520:ERROR:5704:<urlopen error [Errno 113] No route to host>
2016-09-02 10:26:20,079.79.8139572144:cci-bimini-client:-1314915520:INFO:5704:,,,on_connect...
2016-09-02 10:26:53,860.860.014915466:cci-bimini-client:-1220020480:INFO:5704:...event x: 175 , event y: 203 ....
2016-09-02 10:26:53,860.860.440969467:cci-bimini-client:-1220020480:INFO:5704:http://192.168.43.1:7080/bimini/click?y=597&x=175
2016-10-17 16:38:30,383.383.586883545:cci-bimini-client:-1218771264:INFO:15999:biminiApp...
2016-10-17 16:41:49,650.650.405883789:cci-bimini-client:-1311397008:INFO:15999:,,,on_connect...
2016-10-17 16:41:50,050.50.7280826569:cci-bimini-client:-1311397008:ERROR:15999:<urlopen error [Errno 111] Connection refused>
2016-10-17 16:42:34,594.594.249010086:cci-bimini-client:-1328182416:INFO:15999:,,,on_connect...
2016-10-17 16:49:52,969.969.810962677:cci-bimini-client:-1218771264:INFO:15999:...event x: 460 , event y: 349 ....
2016-10-17 16:49:52,973.973.450899124:cci-bimini-client:-1218771264:INFO:15999:http://192.168.0.154:7080/bimini/click?y=451&x=460
2016-10-17 16:49:56,685.685.074090958:cci-bimini-client:-1218771264:INFO:15999:...event x: 414 , event y: 231 ....
2016-10-17 16:49:56,685.685.673952103:cci-bimini-client:-1218771264:INFO:15999:http://192.168.0.154:7080/bimini/click?y=568&x=414
2016-10-17 16:50:00,665.665.368080139:cci-bimini-client:-1218771264:INFO:15999:...event x: 296 , event y: 628 ....
2016-10-17 16:50:00,666.666.280031204:cci-bimini-client:-1218771264:INFO:15999:http://192.168.0.154:7080/bimini/click?y=172&x=296
2016-10-17 16:50:16,205.205.665111542:cci-bimini-client:-1218771264:INFO:15999:...event x: 323 , event y: 625 ....
2016-10-17 16:50:16,209.209.146976471:cci-bimini-client:-1218771264:INFO:15999:http://192.168.0.154:7080/bimini/click?y=175&x=323
2016-10-17 16:50:21,611.611.434936523:cci-bimini-client:-1218771264:INFO:15999:...event x: 284 , event y: 31 ....
2016-10-17 16:50:21,613.613.343954086:cci-bimini-client:-1218771264:INFO:15999:http://192.168.0.154:7080/bimini/click?y=768&x=284
2016-10-17 16:50:27,346.346.879005432:cci-bimini-client:-1218771264:INFO:15999:...event x: 302 , event y: 492 ....
2016-10-17 16:50:27,347.347.542047501:cci-bimini-client:-1218771264:INFO:15999:http://192.168.0.154:7080/bimini/click?y=307&x=302
2016-10-17 16:50:38,145.145.25103569:cci-bimini-client:-1218771264:INFO:15999:...event x: 51 , event y: 262 ....
2016-10-17 16:50:38,145.145.842075348:cci-bimini-client:-1218771264:INFO:15999:http://192.168.0.154:7080/bimini/click?y=537&x=51
2016-10-17 16:50:41,430.430.31001091:cci-bimini-client:-1218771264:INFO:15999:...event x: 198 , event y: 249 ....
2016-10-17 16:50:41,430.430.740118027:cci-bimini-client:-1218771264:INFO:15999:http://192.168.0.154:7080/bimini/click?y=550&x=198
2016-10-17 16:58:04,860.860.266923904:cci-bimini-client:-1219225920:INFO:16101:biminiApp...
2016-10-17 16:58:35,083.83.8971138:cci-bimini-client:-1311839376:INFO:16101:,,,on_connect...
2016-10-17 16:59:52,133.133.55588913:cci-bimini-client:-1219225920:INFO:16101:...event x: 437 , event y: 353 ....
2016-10-17 16:59:52,143.143.6419487:cci-bimini-client:-1219225920:INFO:16101:http://192.168.0.154:7080/bimini/click?y=446&x=437
2016-10-17 17:00:06,861.861.833095551:cci-bimini-client:-1219225920:INFO:16101:...event x: 345 , event y: 110 ....
2016-10-17 17:00:06,862.862.669944763:cci-bimini-client:-1219225920:INFO:16101:http://192.168.0.154:7080/bimini/click?y=689&x=345
2016-10-17 17:00:31,991.991.175889969:cci-bimini-client:-1219225920:INFO:16101:...event x: 419 , event y: 686 ....
2016-10-17 17:00:31,992.992.09189415:cci-bimini-client:-1219225920:INFO:16101:http://192.168.0.154:7080/bimini/click?y=114&x=419
2016-10-17 17:00:36,439.439.169883728:cci-bimini-client:-1219225920:INFO:16101:...event x: 409 , event y: 690 ....
2016-10-17 17:00:36,439.439.642906189:cci-bimini-client:-1219225920:INFO:16101:http://192.168.0.154:7080/bimini/click?y=110&x=409
