2016-10-24 19:57:54,175.175.000905991:cci-trinity-server-vulture:-1218914624:ERROR:5660:...broken streaming..'NoneType' object has no attribute '__getitem__'
2016-10-24 19:57:54,176.176.328897476:cci-trinity-server-vulture:-1218914624:ERROR:5660:..could not retrieve document policy...name 'j' is not defined
2016-10-24 19:57:54,177.177.334070206:cci-trinity-server-vulture:-1218914624:INFO:5660:...initializing queue vulture....
2016-10-24 19:57:54,180.180.524110794:cci-trinity-server-vulture:-1218914624:INFO:5660:...initializing http services....
2016-10-24 19:57:54,186.186.590909958:cci-trinity-server-vulture:-1218914624:INFO:5660:...starting listener on port 7081....
2016-10-24 19:57:54,188.188.40098381:cci-trinity-server-vulture:-1218914624:INFO:5660:...setting system signal handlers....
2016-10-24 19:57:54,188.188.40098381:cci-trinity-server-vulture:-1218914624:INFO:5660:...scheduling hearbeat ....
2016-10-24 19:57:54,188.188.40098381:cci-trinity-server-vulture:-1218914624:INFO:5660:...scheduling default document policy ....
2016-10-24 19:57:54,188.188.956975937:cci-trinity-server-vulture:-1218914624:INFO:5660:...starting web socket push server on port 7082 ....
2016-10-24 19:57:54,247.247.037887573:cci-trinity-server-vulture:-1218914624:INFO:5660:...scheduling fanfare ....
2016-10-24 19:57:54,247.247.426986694:cci-trinity-server-vulture:-1218914624:INFO:5660:...starting main io loop ....
2016-10-24 19:58:54,210.210.175991058:cci-trinity-server-vulture:-1218914624:ERROR:5660:start policy local: 'NoneType' object has no attribute '__getitem__'
2016-10-24 19:59:00,507.507.850885391:cci-trinity-server-vulture:-1218914624:WARNING:5660:...caught signal: 2
2016-10-24 19:59:00,508.508.635997772:cci-trinity-server-vulture:-1218914624:INFO:5660:....will shutdown in 3 seconds ...
2016-10-24 19:59:00,511.511.692047119:cci-trinity-server-vulture:-1218914624:INFO:5660:...shutdown....
2016-10-24 19:59:00,643.643.727064133:cci-trinity-server-vulture:-1218914624:WARNING:5660:...caught signal: 2
2016-10-24 20:18:54,819.819.906949997:cci-trinity-server-vulture:-1219447104:INFO:5817:...starting stream tunneler ....
2016-10-24 20:19:34,878.878.870010376:cci-trinity-server-vulture:-1219447104:INFO:5817:...streaming bootstrap initialized...ec2-52-38-98-223.us-west-2.compute.amazonaws.com:9092
2016-10-24 20:19:34,891.891.125917435:cci-trinity-server-vulture:-1219447104:INFO:5817:{u'status': u'on'}
2016-10-24 20:19:34,927.927.043914795:cci-trinity-server-vulture:-1219447104:INFO:5817:...initializing queue vulture....
2016-10-24 20:19:34,927.927.768945694:cci-trinity-server-vulture:-1219447104:INFO:5817:...initializing http services....
2016-10-24 20:19:34,934.934.681892395:cci-trinity-server-vulture:-1219447104:INFO:5817:...starting listener on port 7081....
2016-10-24 20:19:34,938.938.282966614:cci-trinity-server-vulture:-1219447104:INFO:5817:...setting system signal handlers....
2016-10-24 20:19:34,941.941.592931747:cci-trinity-server-vulture:-1219447104:INFO:5817:...scheduling hearbeat ....
2016-10-24 20:19:34,942.942.96002388:cci-trinity-server-vulture:-1219447104:INFO:5817:...scheduling default document policy ....
2016-10-24 20:19:34,943.943.794965744:cci-trinity-server-vulture:-1219447104:INFO:5817:...starting web socket push server on port 7082 ....
2016-10-24 20:19:34,947.947.736024857:cci-trinity-server-vulture:-1219447104:INFO:5817:...scheduling fanfare ....
2016-10-24 20:19:34,948.948.210954666:cci-trinity-server-vulture:-1219447104:INFO:5817:...starting main io loop ....
2016-10-24 20:20:30,287.287.269115448:cci-trinity-server-vulture:-1219447104:WARNING:5817:...caught signal: 15
2016-10-24 20:20:35,686.686.065912247:cci-trinity-server-vulture:-1219447104:INFO:5817:....will shutdown in 3 seconds ...
2016-10-24 20:20:35,689.689.393997192:cci-trinity-server-vulture:-1219447104:INFO:5817:...shutdown....
2016-10-24 20:20:35,694.694.189071655:cci-trinity-server-vulture:-1219447104:INFO:5817:..started periodic callback local cal with params{"run_on_start": 0, "moniker": "default", "idx": 1, "timestamp": "2016-08-14 03:13:01", "provider": "mongodb", "batch_size": 5, "running": 0, "daemonize": 0, "run_interval": 300, "query_on_start": 1, "active": 1, "provider_type": "document"}
