2016-10-24 19:57:54,172.172.036886215:cci-trinity-server:-1218914624:INFO:5660:...retrieve_config_atom ...
2016-10-24 19:57:54,174.174.609899521:cci-trinity-server:-1218914624:ERROR:5660:...retrieve_policy statement failed...unable to open database file
2016-10-24 19:57:54,175.175.554037094:cci-trinity-server:-1218914624:INFO:5660:...retrieve payload_policy ...
2016-10-24 19:57:54,175.175.807952881:cci-trinity-server:-1218914624:ERROR:5660:...retrieve_policy statement failed...unable to open database file
2016-10-24 19:58:24,193.193.037033081:cci-trinity-server:-1218914624:INFO:5660:...retrieve_config_atom ...
2016-10-24 19:58:24,193.193.784952164:cci-trinity-server:-1218914624:ERROR:5660:...retrieve_policy statement failed...unable to open database file
2016-10-24 20:15:34,805.805.732011795:cci-trinity-server:-1219250496:WARNING:5764:...caught signal: 2
2016-10-24 20:15:34,809.809.029102325:cci-trinity-server:-1219250496:INFO:5764: ...stopping http server...
2016-10-24 20:15:34,813.813.091993332:cci-trinity-server:-1219250496:INFO:5764:....will shutdown in 3 seconds ...
2016-10-24 20:15:34,817.817.461013794:cci-trinity-server:-1219250496:INFO:5764:...shutdown....
2016-10-24 20:18:54,767.767.508029938:cci-trinity-server:-1219447104:INFO:5817:...retrieve_config_atom ...
2016-10-24 20:18:54,816.816.912889481:cci-trinity-server:-1219447104:INFO:5817:...retrieved config map for ...trinity-stream-toggle
2016-10-24 20:18:54,818.818.09592247:cci-trinity-server:-1219447104:INFO:5817:...retrieve_config_atom ...
2016-10-24 20:18:54,819.819.341897964:cci-trinity-server:-1219447104:INFO:5817:...retrieved config map for ...trinity-kafka-bootstrap
2016-10-24 20:19:34,880.880.536079407:cci-trinity-server:-1219447104:INFO:5817:...retrieve payload_policy ...
2016-10-24 20:19:34,890.890.584945679:cci-trinity-server:-1219447104:INFO:5817:...retrieved default policy...{"run_on_start": 0, "moniker": "default", "idx": 1, "timestamp": "2016-08-14 03:13:01", "provider": "mongodb", "batch_size": 5, "running": 0, "daemonize": 0, "run_interval": 300, "query_on_start": 1, "active": 1, "provider_type": "document"}
2016-10-24 20:20:04,945.945.568084717:cci-trinity-server:-1219447104:INFO:5817:...retrieve_config_atom ...
2016-10-24 20:20:04,947.947.782993317:cci-trinity-server:-1219447104:INFO:5817:...retrieved config map for ...trinity-update-interval
2016-10-24 20:20:05,218.218.545913696:cci-trinity-server:-1219176768:INFO:5815:...retr_device...
2016-10-24 20:20:30,282.282.432079315:cci-trinity-server:-1219176768:WARNING:5815:...caught signal: 15
2016-10-24 20:20:35,692.692.459106445:cci-trinity-server:-1219176768:INFO:5815: ...stopping http server...
2016-10-24 20:20:35,699.699.237108231:cci-trinity-server:-1219176768:INFO:5815:....will shutdown in 3 seconds ...
2016-10-24 20:20:35,701.701.687097549:cci-trinity-server:-1219176768:INFO:5815:...shutdown....
