2016-10-24 18:08:44,715.715.852022171:cci trinity:-1218808128:INFO:3335:ccitrinityApp...
2016-10-24 18:09:45,163.163.520097733:cci trinity:-1218881856:INFO:3424:ccitrinityApp...
2016-10-24 18:10:24,961.961.184024811:cci trinity:-1219479872:INFO:3446:ccitrinityApp...
2016-10-24 18:11:22,737.737.679958344:cci trinity:-1219144000:INFO:3510:ccitrinityApp...
2016-10-24 18:11:42,833.833.456039429:cci trinity:-1219144000:INFO:3510:..._on_start_trinity...
2016-10-24 18:11:42,834.834.631919861:cci trinity:-1219144000:INFO:3510:...bootstrap of cci trinity service succeeded...
2016-10-24 18:11:57,886.886.643886566:cci trinity:-1312187536:ERROR:3510:cannot concatenate 'str' and 'error' objects
2016-10-24 18:23:05,146.146.285057068:cci trinity:-1219356992:INFO:3749:ccitrinityApp...
2016-10-24 18:23:10,456.456.017971039:cci trinity:-1219356992:INFO:3749:..._on_start_trinity...
2016-10-24 18:23:10,460.460.803031921:cci trinity:-1219356992:ERROR:3749:...error in  trinity server...'module' object has no attribute 'getpwd'
2016-10-24 18:24:30,957.957.685947418:cci trinity:-1218943296:INFO:3784:ccitrinityApp...
2016-10-24 18:24:36,604.604.435920715:cci trinity:-1218943296:INFO:3784:..._on_start_trinity...
2016-10-24 18:24:36,605.605.768918991:cci trinity:-1218943296:ERROR:3784:...error in  trinity server...'module' object has no attribute 'getpwd'
2016-10-24 18:26:27,894.894.179105759:cci trinity:-1219328320:INFO:3890:ccitrinityApp...
2016-10-24 18:26:34,869.869.235038757:cci trinity:-1219328320:INFO:3890:..._on_start_trinity...
2016-10-24 18:26:34,874.874.573945999:cci trinity:-1219328320:ERROR:3890:...error in  trinity server...'module' object has no attribute 'getpwd'
2016-10-24 18:29:00,052.52.0160198212:cci trinity:-1219615040:INFO:4020:ccitrinityApp...
2016-10-24 18:30:21,072.72.3071098328:cci trinity:-1219615040:INFO:4020:..._on_start_trinity...
2016-10-24 18:30:21,073.73.3780860901:cci trinity:-1219615040:INFO:4020:...bootstrap...
2016-10-24 18:30:36,110.110.361099243:cci trinity:-1313457296:ERROR:4020:cannot concatenate 'str' and 'error' objects
2016-10-24 18:32:09,204.204.691886902:cci trinity:-1218599232:INFO:4079:ccitrinityApp...
2016-10-24 18:32:14,891.891.314983368:cci trinity:-1218599232:INFO:4079:..._on_start_trinity...
2016-10-24 18:32:14,892.892.311096191:cci trinity:-1218599232:INFO:4079:...bootstrap...
2016-10-24 18:34:13,904.904.06703949:cci trinity:-1219320128:INFO:4130:ccitrinityApp...
2016-10-24 18:34:18,674.674.335956573:cci trinity:-1219320128:INFO:4130:..._on_start_trinity...
2016-10-24 18:34:18,675.675.067901611:cci trinity:-1219320128:INFO:4130:...bootstrap...
2016-10-24 18:34:33,707.707.60011673:cci trinity:-1314227344:ERROR:4130:cannot concatenate 'str' and 'error' objects
2016-10-24 19:16:03,551.551.151990891:cci trinity:-1219414336:INFO:4869:ccitrinityApp...
2016-10-24 19:16:16,839.839.601993561:cci trinity:-1219414336:INFO:4869:..._on_start_trinity...
2016-10-24 19:16:16,840.840.590000153:cci trinity:-1219414336:INFO:4869:...bootstrap...
2016-10-24 19:16:31,871.871.529102325:cci trinity:-1312457872:ERROR:4869:cannot concatenate 'str' and 'error' objects
2016-10-24 19:20:02,860.860.35490036:cci trinity:-1218660672:INFO:4957:ccitrinityApp...
2016-10-24 19:20:09,997.997.339010239:cci trinity:-1218660672:INFO:4957:..._on_start_trinity...
2016-10-24 19:20:09,998.998.709917068:cci trinity:-1218660672:INFO:4957:...bootstrap...
2016-10-24 19:20:25,024.24.2021083832:cci trinity:-1311437968:ERROR:4957:cannot concatenate 'str' and 'error' objects
2016-10-24 20:18:44,809.809.729099274:cci trinity:-1219332416:INFO:5793:ccitrinityApp...
2016-10-24 20:18:51,121.121.438026428:cci trinity:-1219332416:INFO:5793:..._on_start_trinity...
2016-10-24 20:18:51,127.127.357006073:cci trinity:-1219332416:INFO:5793:...bootstrap...
2016-10-24 20:19:06,156.156.73494339:cci trinity:-1312085136:ERROR:5793:cannot concatenate 'str' and 'error' objects
2016-10-24 20:20:30,280.280.472040176:cci trinity:-1219332416:INFO:5793:..._on_start_trinity...
